# JRE version: Java(TM) SE Runtime Environment (9.0+11) (build 9.0.4+11)
# Java VM: Java HotSpot(TM) 64-Bit Server VM (9.0.4+11, mixed mode, tiered, compressed oops, g1 gc, windows-amd64)
Heap:
 garbage-first heap   total 229376K, used 107436K [0x0000000700000000, 0x0000000700100700, 0x00000007c0000000)
  region size 1024K, 34 young (34816K), 0 survivors (0K)
 Metaspace       used 88577K, capacity 91519K, committed 96204K, reserved 1132544K
  class space    used 11692K, capacity 12296K, committed 13260K, reserved 1048576K
GC Heap History (10 events):
Event: 10415.405 GC heap before
{Heap before GC invocations=1358 (full 323):
 garbage-first heap   total 229376K, used 82328K [0x0000000700000000, 0x0000000700100700, 0x00000007c0000000)
  region size 1024K, 4 young (4096K), 1 survivors (1024K)
 Metaspace       used 88577K, capacity 91519K, committed 96204K, reserved 1132544K
  class space    used 11692K, capacity 12296K, committed 13260K, reserved 1048576K
}
Event: 10415.697 GC heap after
{Heap after GC invocations=1359 (full 324):
 garbage-first heap   total 229376K, used 70789K [0x0000000700000000, 0x0000000700100700, 0x00000007c0000000)
  region size 1024K, 0 young (0K), 0 survivors (0K)
 Metaspace       used 88577K, capacity 91519K, committed 96204K, reserved 1132544K
  class space    used 11692K, capacity 12296K, committed 13260K, reserved 1048576K
}
Event: 10415.873 GC heap before
{Heap before GC invocations=1359 (full 324):
 garbage-first heap   total 229376K, used 86149K [0x0000000700000000, 0x0000000700100700, 0x00000007c0000000)
  region size 1024K, 7 young (7168K), 0 survivors (0K)
 Metaspace       used 88577K, capacity 91519K, committed 96204K, reserved 1132544K
  class space    used 11692K, capacity 12296K, committed 13260K, reserved 1048576K
}
Event: 10416.167 GC heap after
{Heap after GC invocations=1360 (full 325):
 garbage-first heap   total 229376K, used 70908K [0x0000000700000000, 0x0000000700100700, 0x00000007c0000000)
  region size 1024K, 0 young (0K), 0 survivors (0K)
 Metaspace       used 88577K, capacity 91519K, committed 96204K, reserved 1132544K
  class space    used 11692K, capacity 12296K, committed 13260K, reserved 1048576K
}
Event: 10418.611 GC heap before
{Heap before GC invocations=1360 (full 325):
 garbage-first heap   total 229376K, used 78076K [0x0000000700000000, 0x0000000700100700, 0x00000007c0000000)
  region size 1024K, 5 young (5120K), 0 survivors (0K)
 Metaspace       used 88577K, capacity 91519K, committed 96204K, reserved 1132544K
  class space    used 11692K, capacity 12296K, committed 13260K, reserved 1048576K
}
Event: 10418.900 GC heap after
{Heap after GC invocations=1361 (full 326):
 garbage-first heap   total 229376K, used 70575K [0x0000000700000000, 0x0000000700100700, 0x00000007c0000000)
  region size 1024K, 0 young (0K), 0 survivors (0K)
 Metaspace       used 88577K, capacity 91519K, committed 96204K, reserved 1132544K
  class space    used 11692K, capacity 12296K, committed 13260K, reserved 1048576K
}
Event: 10419.769 GC heap before
{Heap before GC invocations=1361 (full 326):
 garbage-first heap   total 229376K, used 78767K [0x0000000700000000, 0x0000000700100700, 0x00000007c0000000)
  region size 1024K, 3 young (3072K), 0 survivors (0K)
 Metaspace       used 88577K, capacity 91519K, committed 96204K, reserved 1132544K
  class space    used 11692K, capacity 12296K, committed 13260K, reserved 1048576K
}
Event: 10420.058 GC heap after
{Heap after GC invocations=1362 (full 327):
 garbage-first heap   total 229376K, used 70566K [0x0000000700000000, 0x0000000700100700, 0x00000007c0000000)
  region size 1024K, 0 young (0K), 0 survivors (0K)
 Metaspace       used 88577K, capacity 91519K, committed 96204K, reserved 1132544K
  class space    used 11692K, capacity 12296K, committed 13260K, reserved 1048576K
}
Event: 10421.979 GC heap before
{Heap before GC invocations=1362 (full 327):
 garbage-first heap   total 229376K, used 79782K [0x0000000700000000, 0x0000000700100700, 0x00000007c0000000)
  region size 1024K, 4 young (4096K), 0 survivors (0K)
 Metaspace       used 88577K, capacity 91519K, committed 96204K, reserved 1132544K
  class space    used 11692K, capacity 12296K, committed 13260K, reserved 1048576K
}
Event: 10422.274 GC heap after
{Heap after GC invocations=1363 (full 328):
 garbage-first heap   total 229376K, used 70572K [0x0000000700000000, 0x0000000700100700, 0x00000007c0000000)
  region size 1024K, 0 young (0K), 0 survivors (0K)
 Metaspace       used 88577K, capacity 91519K, committed 96204K, reserved 1132544K
  class space    used 11692K, capacity 12296K, committed 13260K, reserved 1048576K
}

